<?xml version="1.0" encoding="UTF-8"?>
<!-- Generated by org.testng.reporters.JUnitXMLReporter -->
<testsuite hostname="LAPTOP-CD24GOPF" failures="1" tests="1" name="Default test(failed)" time="0.138" errors="0" timestamp="6 Apr 2019 17:35:45 GMT">
  <testcase classname="test.AddContactTest" name="AddContact" time="0.112">
    <failure type="java.lang.NullPointerException">
      <![CDATA[java.lang.NullPointerException
	at org.openqa.selenium.support.pagefactory.DefaultElementLocator.findElement(DefaultElementLocator.java:69)
	at org.openqa.selenium.support.pagefactory.internal.LocatingElementHandler.invoke(LocatingElementHandler.java:38)
	at com.sun.proxy.$Proxy11.sendKeys(Unknown Source)
	at page.LoginPage.Login(LoginPage.java:29)
	at test.AddContactTest.AddContact(AddContactTest.java:38)
... Removed 24 stack frames]]>
    </failure>
  </testcase> <!-- AddContact -->
</testsuite> <!-- Default test(failed) -->
